<?xml version="1.0" encoding="UTF-8"?>
<testng-results skipped="0" failed="0" total="2" passed="2">
  <reporter-output>
  </reporter-output>
  <suite name="Suite" duration-ms="30570" started-at="2019-03-19T05:57:49Z" finished-at="2019-03-19T05:58:19Z">
    <groups>
      <group name="cucumber">
        <method signature="AbstractTestNGCucumberTests.feature(cucumber.api.testng.CucumberFeatureWrapper)[pri:0, instance:runner.RunCukes@3d8c7aca]" name="feature" class="cucumber.api.testng.AbstractTestNGCucumberTests"/>
      </group> <!-- cucumber -->
    </groups>
    <test name="Test" duration-ms="30570" started-at="2019-03-19T05:57:49Z" finished-at="2019-03-19T05:58:19Z">
      <class name="runner.RunCukes">
        <test-method status="PASS" signature="setUpClass()[pri:0, instance:runner.RunCukes@3d8c7aca]" name="setUpClass" is-config="true" duration-ms="274" started-at="2019-03-19T11:27:49Z" finished-at="2019-03-19T11:27:49Z">
          <reporter-output>
          </reporter-output>
        </test-method> <!-- setUpClass -->
        <test-method status="PASS" signature="feature(cucumber.api.testng.CucumberFeatureWrapper)[pri:0, instance:runner.RunCukes@3d8c7aca]" name="feature" duration-ms="20906" started-at="2019-03-19T11:27:49Z" description="Runs Cucumber Feature" data-provider="features" finished-at="2019-03-19T11:28:10Z">
          <params>
            <param index="0">
              <value>
                <![CDATA[Test the paypal Create Order Rest Services]]>
              </value>
            </param>
          </params>
          <reporter-output>
          </reporter-output>
        </test-method> <!-- feature -->
        <test-method status="PASS" signature="feature(cucumber.api.testng.CucumberFeatureWrapper)[pri:0, instance:runner.RunCukes@3d8c7aca]" name="feature" duration-ms="9253" started-at="2019-03-19T11:28:10Z" description="Runs Cucumber Feature" data-provider="features" finished-at="2019-03-19T11:28:19Z">
          <params>
            <param index="0">
              <value>
                <![CDATA[Login to Paypal using rest assured credentials]]>
              </value>
            </param>
          </params>
          <reporter-output>
          </reporter-output>
        </test-method> <!-- feature -->
        <test-method status="PASS" signature="tearDownClass()[pri:0, instance:runner.RunCukes@3d8c7aca]" name="tearDownClass" is-config="true" duration-ms="22" started-at="2019-03-19T11:28:19Z" finished-at="2019-03-19T11:28:19Z">
          <reporter-output>
          </reporter-output>
        </test-method> <!-- tearDownClass -->
      </class> <!-- runner.RunCukes -->
    </test> <!-- Test -->
  </suite> <!-- Suite -->
</testng-results>
