<?xml version="1.0" encoding="UTF-8"?>
<testng-results skipped="0" failed="0" ignored="0" total="2" passed="2">
  <reporter-output>
  </reporter-output>
  <suite name="Suite" duration-ms="26817" started-at="2019-03-15T11:48:24Z" finished-at="2019-03-15T11:48:51Z">
    <groups>
      <group name="cucumber">
        <method signature="AbstractTestNGCucumberTests.feature(cucumber.api.testng.CucumberFeatureWrapper)[pri:0, instance:runner.RunCukes@6e1567f1]" name="feature" class="cucumber.api.testng.AbstractTestNGCucumberTests"/>
      </group> <!-- cucumber -->
    </groups>
    <test name="Test" duration-ms="26817" started-at="2019-03-15T11:48:24Z" finished-at="2019-03-15T11:48:51Z">
      <class name="runner.RunCukes">
        <test-method status="PASS" signature="setUpClass()[pri:0, instance:runner.RunCukes@6e1567f1]" name="setUpClass" is-config="true" duration-ms="277" started-at="2019-03-15T11:48:24Z" finished-at="2019-03-15T11:48:25Z">
          <reporter-output>
          </reporter-output>
        </test-method> <!-- setUpClass -->
        <test-method status="PASS" signature="feature(cucumber.api.testng.CucumberFeatureWrapper)[pri:0, instance:runner.RunCukes@6e1567f1]" name="feature" duration-ms="17410" started-at="2019-03-15T11:48:25Z" description="Runs Cucumber Feature" data-provider="features" finished-at="2019-03-15T11:48:42Z">
          <params>
            <param index="0">
              <value>
                <![CDATA[Test the paypal Create Order Rest Services]]>
              </value>
            </param>
          </params>
          <reporter-output>
          </reporter-output>
        </test-method> <!-- feature -->
        <test-method status="PASS" signature="feature(cucumber.api.testng.CucumberFeatureWrapper)[pri:0, instance:runner.RunCukes@6e1567f1]" name="feature" duration-ms="8979" started-at="2019-03-15T11:48:42Z" description="Runs Cucumber Feature" data-provider="features" finished-at="2019-03-15T11:48:51Z">
          <params>
            <param index="0">
              <value>
                <![CDATA[Login to Paypal using rest assured credentials]]>
              </value>
            </param>
          </params>
          <reporter-output>
          </reporter-output>
        </test-method> <!-- feature -->
        <test-method status="PASS" signature="tearDownClass()[pri:0, instance:runner.RunCukes@6e1567f1]" name="tearDownClass" is-config="true" duration-ms="30" started-at="2019-03-15T11:48:51Z" finished-at="2019-03-15T11:48:51Z">
          <reporter-output>
          </reporter-output>
        </test-method> <!-- tearDownClass -->
      </class> <!-- runner.RunCukes -->
    </test> <!-- Test -->
  </suite> <!-- Suite -->
</testng-results>
